<?xml version="1.0" encoding="UTF-8"?>
<!-- Generated by org.testng.reporters.JUnitReportReporter -->
<testsuite skipped="0" hostname="dinesh" name="com.automation.testcases.LogintestCRM" tests="1" failures="0" timestamp="22 May 2020 12:36:03 GMT" time="11.313" errors="0">
  <testcase name="loginApp" time="11.313" classname="com.automation.testcases.LogintestCRM"/>
</testsuite> <!-- com.automation.testcases.LogintestCRM -->
